<?xml version="1.0" encoding="UTF-8"?>
<!-- Generated by org.testng.reporters.JUnitReportReporter -->
<testsuite hostname="MSI-L2309" failures="0" tests="1" name="JNJM7.HomePage" time="4.679" errors="0" timestamp="2021-03-30T21:21:59 IST" skipped="0">
  <testcase classname="JNJM7.HomePage" name="loginDetails" time="4.679"/>
  <system-out/>
</testsuite> <!-- JNJM7.HomePage -->
